<?xml version="1.0" encoding="UTF-8"?>
<!-- Generated by org.testng.reporters.JUnitReportReporter -->
<testsuite hostname="Shantanu" failures="0" tests="1" name="Automation.NaukriRefresh.LoginTest" time="11.381" errors="0" timestamp="2025-06-17T21:42:05 IST" skipped="0">
  <testcase classname="Automation.NaukriRefresh.LoginTest" name="testLogin" time="11.381"/>
</testsuite> <!-- Automation.NaukriRefresh.LoginTest -->
