<?xml version="1.0" encoding="UTF-8"?>
<!-- Generated by org.testng.reporters.JUnitReportReporter -->
<testsuite hostname="Shantanu" failures="0" tests="1" name="Automation.NaukriRefresh.Login" time="9.628" errors="0" timestamp="2025-02-19T19:26:47 IST" skipped="0">
  <testcase classname="Automation.NaukriRefresh.Login" name="login" time="9.628"/>
</testsuite> <!-- Automation.NaukriRefresh.Login -->
