<?xml version="1.0" encoding="UTF-8"?>
<!-- Generated by org.testng.reporters.JUnitReportReporter -->
<testsuite hostname="Shantanu" failures="0" tests="1" name="Automation.NaukriRefresh.LoginTest" time="13.402" errors="0" timestamp="2025-02-19T20:01:11 IST" skipped="0">
  <testcase classname="Automation.NaukriRefresh.LoginTest" name="testLogin" time="13.402"/>
</testsuite> <!-- Automation.NaukriRefresh.LoginTest -->
